build/app/intermediates/manifest_merge_blame_file/debug/manifest-merger-blame-debug-report.txt
1<?xml version="1.0" encoding="utf-8"?>
2<manifest xmlns:android="http://schemas.android.com/apk/res/android"
3    package="com.huynh.listar_flutter_pro"
4    android:versionCode="63"
5    android:versionName="1.2.0" >
6
7    <uses-sdk
8        android:minSdkVersion="20"
9        android:targetSdkVersion="33" />
10
11    <uses-permission android:name="android.permission.INTERNET" />
11-->src\main\AndroidManifest.xml:3:5-67
11-->src\main\AndroidManifest.xml:3:22-64
12    <uses-permission android:name="android.permission.SYSTEM_ALERT_WINDOW" />
12-->src\main\AndroidManifest.xml:4:5-77
12-->src\main\AndroidManifest.xml:4:22-75
13    <uses-permission android:name="android.permission.ACCESS_FINE_LOCATION" />
13-->src\main\AndroidManifest.xml:5:5-79
13-->src\main\AndroidManifest.xml:5:22-76
14    <uses-permission android:name="android.permission.ACCESS_COARSE_LOCATION" />
14-->src\main\AndroidManifest.xml:6:5-81
14-->src\main\AndroidManifest.xml:6:22-78
15    <uses-permission android:name="android.permission.CALL_PHONE" />
15-->src\main\AndroidManifest.xml:7:5-69
15-->src\main\AndroidManifest.xml:7:22-66
16    <uses-permission android:name="android.permission.WAKE_LOCK" />
16-->[:firebase_messaging] AndroidManifest.xml:8:5-68
16-->[:firebase_messaging] AndroidManifest.xml:8:22-65
17    <uses-permission android:name="android.permission.ACCESS_NETWORK_STATE" /> <!-- Permissions options for the `notification` group -->
17-->[:firebase_messaging] AndroidManifest.xml:9:5-79
17-->[:firebase_messaging] AndroidManifest.xml:9:22-76
18    <uses-permission android:name="android.permission.POST_NOTIFICATIONS" />
18-->[:firebase_messaging] AndroidManifest.xml:11:5-77
18-->[:firebase_messaging] AndroidManifest.xml:11:22-74
19    <uses-permission android:name="android.permission.FOREGROUND_SERVICE" />
19-->[:geolocator_android] AndroidManifest.xml:7:5-77
19-->[:geolocator_android] AndroidManifest.xml:7:22-74
20    <uses-permission android:name="android.permission.REQUEST_INSTALL_PACKAGES" />
20-->[:open_file] AndroidManifest.xml:8:5-83
20-->[:open_file] AndroidManifest.xml:8:22-80
21    <uses-permission android:name="android.permission.READ_EXTERNAL_STORAGE" /> <!-- Required by older versions of Google Play services to create IID tokens -->
21-->[:open_file] AndroidManifest.xml:9:5-80
21-->[:open_file] AndroidManifest.xml:9:22-77
22    <uses-permission android:name="com.google.android.c2dm.permission.RECEIVE" />
22-->[com.google.firebase:firebase-messaging:23.0.7] AndroidManifest.xml:29:5-82
22-->[com.google.firebase:firebase-messaging:23.0.7] AndroidManifest.xml:29:22-79
23
24    <uses-feature
24-->[com.google.android.gms:play-services-maps:18.1.0] AndroidManifest.xml:26:5-28:35
25        android:glEsVersion="0x00020000"
25-->[com.google.android.gms:play-services-maps:18.1.0] AndroidManifest.xml:27:9-41
26        android:required="true" />
26-->[com.google.android.gms:play-services-maps:18.1.0] AndroidManifest.xml:28:9-32
27
28    <queries>
28-->[com.google.android.gms:play-services-maps:18.1.0] AndroidManifest.xml:30:5-34:15
29
30        <!-- Needs to be explicitly declared on Android R+ -->
31        <package android:name="com.google.android.apps.maps" />
31-->[com.google.android.gms:play-services-maps:18.1.0] AndroidManifest.xml:33:9-64
31-->[com.google.android.gms:play-services-maps:18.1.0] AndroidManifest.xml:33:18-61
32        <!-- For browser content -->
33        <intent>
33-->[com.google.android.gms:play-services-ads-lite:21.0.0] AndroidManifest.xml:31:9-37:18
34            <action android:name="android.intent.action.VIEW" />
34-->[com.google.android.gms:play-services-ads-lite:21.0.0] AndroidManifest.xml:32:13-65
34-->[com.google.android.gms:play-services-ads-lite:21.0.0] AndroidManifest.xml:32:21-62
35
36            <category android:name="android.intent.category.BROWSABLE" />
36-->[com.google.android.gms:play-services-ads-lite:21.0.0] AndroidManifest.xml:34:13-74
36-->[com.google.android.gms:play-services-ads-lite:21.0.0] AndroidManifest.xml:34:23-71
37
38            <data android:scheme="https" />
38-->[com.google.android.gms:play-services-ads-lite:21.0.0] AndroidManifest.xml:36:13-44
38-->[com.google.android.gms:play-services-ads-lite:21.0.0] AndroidManifest.xml:36:19-41
39        </intent> <!-- End of browser content -->
40        <!-- For CustomTabsService -->
41        <intent>
41-->[com.google.android.gms:play-services-ads-lite:21.0.0] AndroidManifest.xml:40:9-42:18
42            <action android:name="android.support.customtabs.action.CustomTabsService" />
42-->[com.google.android.gms:play-services-ads-lite:21.0.0] AndroidManifest.xml:41:13-90
42-->[com.google.android.gms:play-services-ads-lite:21.0.0] AndroidManifest.xml:41:21-87
43        </intent>
44    </queries>
45
46    <uses-permission android:name="com.google.android.gms.permission.AD_ID" />
46-->[com.google.android.gms:play-services-ads-lite:21.0.0] AndroidManifest.xml:25:5-79
46-->[com.google.android.gms:play-services-ads-lite:21.0.0] AndroidManifest.xml:25:22-76
47    <uses-permission android:name="android.permission.RECEIVE_BOOT_COMPLETED" />
47-->[androidx.work:work-runtime:2.7.0] AndroidManifest.xml:27:5-81
47-->[androidx.work:work-runtime:2.7.0] AndroidManifest.xml:27:22-78
48    <uses-permission android:name="android.permission.CAMERA" /> <!-- Don't require camera, as this requires a rear camera. This allows it to work on the Nexus 7 -->
48-->[com.journeyapps:zxing-android-embedded:4.3.0] AndroidManifest.xml:22:5-65
48-->[com.journeyapps:zxing-android-embedded:4.3.0] AndroidManifest.xml:22:22-62
49    <uses-feature
49-->[com.journeyapps:zxing-android-embedded:4.3.0] AndroidManifest.xml:25:5-27:36
50        android:name="android.hardware.camera"
50-->[com.journeyapps:zxing-android-embedded:4.3.0] AndroidManifest.xml:26:9-47
51        android:required="false" />
51-->[com.journeyapps:zxing-android-embedded:4.3.0] AndroidManifest.xml:27:9-33
52    <uses-feature
52-->[com.journeyapps:zxing-android-embedded:4.3.0] AndroidManifest.xml:28:5-30:36
53        android:name="android.hardware.camera.front"
53-->[com.journeyapps:zxing-android-embedded:4.3.0] AndroidManifest.xml:29:9-53
54        android:required="false" /> <!-- TODO replace above two with next line after Android 4.2 -->
54-->[com.journeyapps:zxing-android-embedded:4.3.0] AndroidManifest.xml:30:9-33
55    <!-- <uses-feature android:name="android.hardware.camera.any"/> -->
56    <uses-feature
56-->[com.journeyapps:zxing-android-embedded:4.3.0] AndroidManifest.xml:33:5-35:36
57        android:name="android.hardware.camera.autofocus"
57-->[com.journeyapps:zxing-android-embedded:4.3.0] AndroidManifest.xml:34:9-57
58        android:required="false" />
58-->[com.journeyapps:zxing-android-embedded:4.3.0] AndroidManifest.xml:35:9-33
59    <uses-feature
59-->[com.journeyapps:zxing-android-embedded:4.3.0] AndroidManifest.xml:36:5-38:36
60        android:name="android.hardware.camera.flash"
60-->[com.journeyapps:zxing-android-embedded:4.3.0] AndroidManifest.xml:37:9-53
61        android:required="false" />
61-->[com.journeyapps:zxing-android-embedded:4.3.0] AndroidManifest.xml:38:9-33
62    <uses-feature
62-->[com.journeyapps:zxing-android-embedded:4.3.0] AndroidManifest.xml:39:5-41:36
63        android:name="android.hardware.screen.landscape"
63-->[com.journeyapps:zxing-android-embedded:4.3.0] AndroidManifest.xml:40:9-57
64        android:required="false" />
64-->[com.journeyapps:zxing-android-embedded:4.3.0] AndroidManifest.xml:41:9-33
65    <uses-feature
65-->[com.journeyapps:zxing-android-embedded:4.3.0] AndroidManifest.xml:42:5-44:36
66        android:name="android.hardware.wifi"
66-->[com.journeyapps:zxing-android-embedded:4.3.0] AndroidManifest.xml:43:9-45
67        android:required="false" />
67-->[com.journeyapps:zxing-android-embedded:4.3.0] AndroidManifest.xml:44:9-33
68
69    <application
70        android:name="android.app.Application"
71        android:appComponentFactory="androidx.core.app.CoreComponentFactory"
71-->[androidx.core:core:1.8.0] AndroidManifest.xml:24:18-86
72        android:debuggable="true"
73        android:icon="@mipmap/ic_launcher"
74        android:label="Listar FluxPro"
75        android:usesCleartextTraffic="true" >
76        <meta-data
77            android:name="com.google.android.geo.API_KEY"
78            android:value="AIzaSyDg1evvc68xACuU2RsbBiV5uoF0vwVNM8Y" />
79
80        <activity
81            android:name="com.huynh.listar_flutter_pro.MainActivity"
82            android:configChanges="orientation|keyboardHidden|keyboard|screenSize|smallestScreenSize|locale|layoutDirection|fontScale|screenLayout|density|uiMode"
83            android:exported="true"
84            android:hardwareAccelerated="true"
85            android:launchMode="singleTop"
86            android:theme="@style/LaunchTheme"
87            android:windowSoftInputMode="adjustResize" >
88            <intent-filter>
89                <action android:name="android.intent.action.MAIN" />
90
91                <category android:name="android.intent.category.LAUNCHER" />
92            </intent-filter>
93            <intent-filter>
94                <action android:name="FLUTTER_NOTIFICATION_CLICK" />
95
96                <category android:name="android.intent.category.DEFAULT" />
97            </intent-filter>
98        </activity>
99
100        <meta-data
101            android:name="flutterEmbedding"
102            android:value="2" />
103        <meta-data
104            android:name="com.google.android.gms.ads.APPLICATION_ID"
105            android:value="ca-app-pub-8318136058462894~6986590261" />
106
107        <service
107-->[:firebase_messaging] AndroidManifest.xml:14:9-17:72
108            android:name="io.flutter.plugins.firebase.messaging.FlutterFirebaseMessagingBackgroundService"
108-->[:firebase_messaging] AndroidManifest.xml:15:13-107
109            android:exported="false"
109-->[:firebase_messaging] AndroidManifest.xml:16:13-37
110            android:permission="android.permission.BIND_JOB_SERVICE" />
110-->[:firebase_messaging] AndroidManifest.xml:17:13-69
111        <service
111-->[:firebase_messaging] AndroidManifest.xml:18:9-24:19
112            android:name="io.flutter.plugins.firebase.messaging.FlutterFirebaseMessagingService"
112-->[:firebase_messaging] AndroidManifest.xml:19:13-97
113            android:exported="false" >
113-->[:firebase_messaging] AndroidManifest.xml:20:13-37
114            <intent-filter>
114-->[:firebase_messaging] AndroidManifest.xml:21:13-23:29
115                <action android:name="com.google.firebase.MESSAGING_EVENT" />
115-->[:firebase_messaging] AndroidManifest.xml:22:17-78
115-->[:firebase_messaging] AndroidManifest.xml:22:25-75
116            </intent-filter>
117        </service>
118
119        <receiver
119-->[:firebase_messaging] AndroidManifest.xml:26:9-33:20
120            android:name="io.flutter.plugins.firebase.messaging.FlutterFirebaseMessagingReceiver"
120-->[:firebase_messaging] AndroidManifest.xml:27:13-98
121            android:exported="true"
121-->[:firebase_messaging] AndroidManifest.xml:28:13-36
122            android:permission="com.google.android.c2dm.permission.SEND" >
122-->[:firebase_messaging] AndroidManifest.xml:29:13-73
123            <intent-filter>
123-->[:firebase_messaging] AndroidManifest.xml:30:13-32:29
124                <action android:name="com.google.android.c2dm.intent.RECEIVE" />
124-->[:firebase_messaging] AndroidManifest.xml:31:17-81
124-->[:firebase_messaging] AndroidManifest.xml:31:25-78
125            </intent-filter>
126        </receiver>
127
128        <service
128-->[:firebase_messaging] AndroidManifest.xml:35:9-39:19
129            android:name="com.google.firebase.components.ComponentDiscoveryService"
129-->[:firebase_messaging] AndroidManifest.xml:35:18-89
130            android:directBootAware="true"
130-->[com.google.firebase:firebase-common:20.1.1] AndroidManifest.xml:35:13-43
131            android:exported="false" >
131-->[com.google.firebase:firebase-messaging:23.0.7] AndroidManifest.xml:55:13-37
132            <meta-data
132-->[:firebase_messaging] AndroidManifest.xml:36:13-38:85
133                android:name="com.google.firebase.components:io.flutter.plugins.firebase.messaging.FlutterFirebaseAppRegistrar"
133-->[:firebase_messaging] AndroidManifest.xml:37:17-128
134                android:value="com.google.firebase.components.ComponentRegistrar" />
134-->[:firebase_messaging] AndroidManifest.xml:38:17-82
135            <meta-data
135-->[:firebase_core] AndroidManifest.xml:9:13-11:85
136                android:name="com.google.firebase.components:io.flutter.plugins.firebase.core.FlutterFirebaseCoreRegistrar"
136-->[:firebase_core] AndroidManifest.xml:10:17-124
137                android:value="com.google.firebase.components.ComponentRegistrar" />
137-->[:firebase_core] AndroidManifest.xml:11:17-82
138            <meta-data
138-->[com.google.firebase:firebase-messaging:23.0.7] AndroidManifest.xml:56:13-58:85
139                android:name="com.google.firebase.components:com.google.firebase.messaging.FirebaseMessagingRegistrar"
139-->[com.google.firebase:firebase-messaging:23.0.7] AndroidManifest.xml:57:17-119
140                android:value="com.google.firebase.components.ComponentRegistrar" />
140-->[com.google.firebase:firebase-messaging:23.0.7] AndroidManifest.xml:58:17-82
141            <meta-data
141-->[com.google.firebase:firebase-datatransport:18.1.5] AndroidManifest.xml:28:13-30:85
142                android:name="com.google.firebase.components:com.google.firebase.datatransport.TransportRegistrar"
142-->[com.google.firebase:firebase-datatransport:18.1.5] AndroidManifest.xml:29:17-115
143                android:value="com.google.firebase.components.ComponentRegistrar" />
143-->[com.google.firebase:firebase-datatransport:18.1.5] AndroidManifest.xml:30:17-82
144            <meta-data
144-->[com.google.firebase:firebase-installations:17.0.1] AndroidManifest.xml:18:13-20:85
145                android:name="com.google.firebase.components:com.google.firebase.installations.FirebaseInstallationsRegistrar"
145-->[com.google.firebase:firebase-installations:17.0.1] AndroidManifest.xml:19:17-127
146                android:value="com.google.firebase.components.ComponentRegistrar" />
146-->[com.google.firebase:firebase-installations:17.0.1] AndroidManifest.xml:20:17-82
147        </service>
148
149        <provider
149-->[:firebase_messaging] AndroidManifest.xml:41:9-45:38
150            android:name="io.flutter.plugins.firebase.messaging.FlutterFirebaseMessagingInitProvider"
150-->[:firebase_messaging] AndroidManifest.xml:42:13-102
151            android:authorities="com.huynh.listar_flutter_pro.flutterfirebasemessaginginitprovider"
151-->[:firebase_messaging] AndroidManifest.xml:43:13-88
152            android:exported="false"
152-->[:firebase_messaging] AndroidManifest.xml:44:13-37
153            android:initOrder="99" />
153-->[:firebase_messaging] AndroidManifest.xml:45:13-35
154
155        <service
155-->[:geolocator_android] AndroidManifest.xml:10:9-14:56
156            android:name="com.baseflow.geolocator.GeolocatorLocationService"
156-->[:geolocator_android] AndroidManifest.xml:11:13-77
157            android:enabled="true"
157-->[:geolocator_android] AndroidManifest.xml:12:13-35
158            android:exported="false"
158-->[:geolocator_android] AndroidManifest.xml:13:13-37
159            android:foregroundServiceType="location" />
159-->[:geolocator_android] AndroidManifest.xml:14:13-53
160
161        <provider
161-->[:image_picker_android] AndroidManifest.xml:8:9-16:20
162            android:name="io.flutter.plugins.imagepicker.ImagePickerFileProvider"
162-->[:image_picker_android] AndroidManifest.xml:9:13-82
163            android:authorities="com.huynh.listar_flutter_pro.flutter.image_provider"
163-->[:image_picker_android] AndroidManifest.xml:10:13-74
164            android:exported="false"
164-->[:image_picker_android] AndroidManifest.xml:11:13-37
165            android:grantUriPermissions="true" >
165-->[:image_picker_android] AndroidManifest.xml:12:13-47
166            <meta-data
166-->[:image_picker_android] AndroidManifest.xml:13:13-15:75
167                android:name="android.support.FILE_PROVIDER_PATHS"
167-->[:image_picker_android] AndroidManifest.xml:14:17-67
168                android:resource="@xml/flutter_image_picker_file_paths" />
168-->[:image_picker_android] AndroidManifest.xml:15:17-72
169        </provider>
170
171        <activity
171-->[:url_launcher_android] AndroidManifest.xml:8:9-11:74
172            android:name="io.flutter.plugins.urllauncher.WebViewActivity"
172-->[:url_launcher_android] AndroidManifest.xml:9:13-74
173            android:exported="false"
173-->[:url_launcher_android] AndroidManifest.xml:10:13-37
174            android:theme="@android:style/Theme.NoTitleBar.Fullscreen" />
174-->[:url_launcher_android] AndroidManifest.xml:11:13-71
175
176        <meta-data
176-->[:google_mobile_ads] AndroidManifest.xml:10:9-12:36
177            android:name="io.flutter.embedded_views_preview"
177-->[:google_mobile_ads] AndroidManifest.xml:11:13-61
178            android:value="true" />
178-->[:google_mobile_ads] AndroidManifest.xml:12:13-33
179
180        <provider
180-->[:open_file] AndroidManifest.xml:12:9-21:20
181            android:name="com.crazecoder.openfile.FileProvider"
181-->[:open_file] AndroidManifest.xml:13:13-64
182            android:authorities="com.huynh.listar_flutter_pro.fileProvider.com.crazecoder.openfile"
182-->[:open_file] AndroidManifest.xml:14:13-88
183            android:exported="false"
183-->[:open_file] AndroidManifest.xml:15:13-37
184            android:grantUriPermissions="true" >
184-->[:open_file] AndroidManifest.xml:16:13-47
185            <meta-data
185-->[:image_picker_android] AndroidManifest.xml:13:13-15:75
186                android:name="android.support.FILE_PROVIDER_PATHS"
186-->[:image_picker_android] AndroidManifest.xml:14:17-67
187                android:resource="@xml/filepaths" />
187-->[:image_picker_android] AndroidManifest.xml:15:17-72
188        </provider>
189        <provider
189-->[:share] AndroidManifest.xml:8:9-16:20
190            android:name="io.flutter.plugins.share.ShareFileProvider"
190-->[:share] AndroidManifest.xml:9:13-70
191            android:authorities="com.huynh.listar_flutter_pro.flutter.share_provider"
191-->[:share] AndroidManifest.xml:10:13-74
192            android:exported="false"
192-->[:share] AndroidManifest.xml:11:13-37
193            android:grantUriPermissions="true" >
193-->[:share] AndroidManifest.xml:12:13-47
194            <meta-data
194-->[:image_picker_android] AndroidManifest.xml:13:13-15:75
195                android:name="android.support.FILE_PROVIDER_PATHS"
195-->[:image_picker_android] AndroidManifest.xml:14:17-67
196                android:resource="@xml/flutter_share_file_paths" />
196-->[:image_picker_android] AndroidManifest.xml:15:17-72
197        </provider>
198
199        <uses-library
199-->[androidx.window:window:1.0.0-beta04] AndroidManifest.xml:25:9-27:40
200            android:name="androidx.window.extensions"
200-->[androidx.window:window:1.0.0-beta04] AndroidManifest.xml:26:13-54
201            android:required="false" />
201-->[androidx.window:window:1.0.0-beta04] AndroidManifest.xml:27:13-37
202        <uses-library
202-->[androidx.window:window:1.0.0-beta04] AndroidManifest.xml:28:9-30:40
203            android:name="androidx.window.sidecar"
203-->[androidx.window:window:1.0.0-beta04] AndroidManifest.xml:29:13-51
204            android:required="false" />
204-->[androidx.window:window:1.0.0-beta04] AndroidManifest.xml:30:13-37
205
206        <receiver
206-->[com.google.firebase:firebase-messaging:23.0.7] AndroidManifest.xml:32:9-39:20
207            android:name="com.google.firebase.iid.FirebaseInstanceIdReceiver"
207-->[com.google.firebase:firebase-messaging:23.0.7] AndroidManifest.xml:33:13-78
208            android:exported="true"
208-->[com.google.firebase:firebase-messaging:23.0.7] AndroidManifest.xml:34:13-36
209            android:permission="com.google.android.c2dm.permission.SEND" >
209-->[com.google.firebase:firebase-messaging:23.0.7] AndroidManifest.xml:35:13-73
210            <intent-filter>
210-->[:firebase_messaging] AndroidManifest.xml:30:13-32:29
211                <action android:name="com.google.android.c2dm.intent.RECEIVE" />
211-->[:firebase_messaging] AndroidManifest.xml:31:17-81
211-->[:firebase_messaging] AndroidManifest.xml:31:25-78
212            </intent-filter>
213        </receiver>
214        <!--
215             FirebaseMessagingService performs security checks at runtime,
216             but set to not exported to explicitly avoid allowing another app to call it.
217        -->
218        <service
218-->[com.google.firebase:firebase-messaging:23.0.7] AndroidManifest.xml:45:9-52:19
219            android:name="com.google.firebase.messaging.FirebaseMessagingService"
219-->[com.google.firebase:firebase-messaging:23.0.7] AndroidManifest.xml:46:13-82
220            android:directBootAware="true"
220-->[com.google.firebase:firebase-messaging:23.0.7] AndroidManifest.xml:47:13-43
221            android:exported="false" >
221-->[com.google.firebase:firebase-messaging:23.0.7] AndroidManifest.xml:48:13-37
222            <intent-filter android:priority="-500" >
222-->[:firebase_messaging] AndroidManifest.xml:21:13-23:29
223                <action android:name="com.google.firebase.MESSAGING_EVENT" />
223-->[:firebase_messaging] AndroidManifest.xml:22:17-78
223-->[:firebase_messaging] AndroidManifest.xml:22:25-75
224            </intent-filter>
225        </service>
226
227        <provider
227-->[com.google.firebase:firebase-common:20.1.1] AndroidManifest.xml:26:9-31:39
228            android:name="com.google.firebase.provider.FirebaseInitProvider"
228-->[com.google.firebase:firebase-common:20.1.1] AndroidManifest.xml:27:13-77
229            android:authorities="com.huynh.listar_flutter_pro.firebaseinitprovider"
229-->[com.google.firebase:firebase-common:20.1.1] AndroidManifest.xml:28:13-72
230            android:directBootAware="true"
230-->[com.google.firebase:firebase-common:20.1.1] AndroidManifest.xml:29:13-43
231            android:exported="false"
231-->[com.google.firebase:firebase-common:20.1.1] AndroidManifest.xml:30:13-37
232            android:initOrder="100" /> <!-- Needs to be explicitly declared on P+ -->
232-->[com.google.firebase:firebase-common:20.1.1] AndroidManifest.xml:31:13-36
233        <uses-library
233-->[com.google.android.gms:play-services-maps:18.1.0] AndroidManifest.xml:39:9-41:40
234            android:name="org.apache.http.legacy"
234-->[com.google.android.gms:play-services-maps:18.1.0] AndroidManifest.xml:40:13-50
235            android:required="false" />
235-->[com.google.android.gms:play-services-maps:18.1.0] AndroidManifest.xml:41:13-37
236
237        <activity
237-->[com.google.android.gms:play-services-base:18.0.1] AndroidManifest.xml:20:9-22:45
238            android:name="com.google.android.gms.common.api.GoogleApiActivity"
238-->[com.google.android.gms:play-services-base:18.0.1] AndroidManifest.xml:20:19-85
239            android:exported="false"
239-->[com.google.android.gms:play-services-base:18.0.1] AndroidManifest.xml:22:19-43
240            android:theme="@android:style/Theme.Translucent.NoTitleBar" /> <!-- Include the AdActivity and InAppPurchaseActivity configChanges and themes. -->
240-->[com.google.android.gms:play-services-base:18.0.1] AndroidManifest.xml:21:19-78
241        <activity
241-->[com.google.android.gms:play-services-ads-lite:21.0.0] AndroidManifest.xml:49:9-53:64
242            android:name="com.google.android.gms.ads.AdActivity"
242-->[com.google.android.gms:play-services-ads-lite:21.0.0] AndroidManifest.xml:50:13-65
243            android:configChanges="keyboard|keyboardHidden|orientation|screenLayout|uiMode|screenSize|smallestScreenSize"
243-->[com.google.android.gms:play-services-ads-lite:21.0.0] AndroidManifest.xml:51:13-122
244            android:exported="false"
244-->[com.google.android.gms:play-services-ads-lite:21.0.0] AndroidManifest.xml:52:13-37
245            android:theme="@android:style/Theme.Translucent" />
245-->[com.google.android.gms:play-services-ads-lite:21.0.0] AndroidManifest.xml:53:13-61
246
247        <provider
247-->[com.google.android.gms:play-services-ads-lite:21.0.0] AndroidManifest.xml:55:9-59:39
248            android:name="com.google.android.gms.ads.MobileAdsInitProvider"
248-->[com.google.android.gms:play-services-ads-lite:21.0.0] AndroidManifest.xml:56:13-76
249            android:authorities="com.huynh.listar_flutter_pro.mobileadsinitprovider"
249-->[com.google.android.gms:play-services-ads-lite:21.0.0] AndroidManifest.xml:57:13-73
250            android:exported="false"
250-->[com.google.android.gms:play-services-ads-lite:21.0.0] AndroidManifest.xml:58:13-37
251            android:initOrder="100" />
251-->[com.google.android.gms:play-services-ads-lite:21.0.0] AndroidManifest.xml:59:13-36
252
253        <service
253-->[com.google.android.gms:play-services-ads-lite:21.0.0] AndroidManifest.xml:61:9-64:40
254            android:name="com.google.android.gms.ads.AdService"
254-->[com.google.android.gms:play-services-ads-lite:21.0.0] AndroidManifest.xml:62:13-64
255            android:enabled="true"
255-->[com.google.android.gms:play-services-ads-lite:21.0.0] AndroidManifest.xml:63:13-35
256            android:exported="false" />
256-->[com.google.android.gms:play-services-ads-lite:21.0.0] AndroidManifest.xml:64:13-37
257
258        <meta-data
258-->[com.google.android.gms:play-services-basement:18.0.0] AndroidManifest.xml:21:9-23:69
259            android:name="com.google.android.gms.version"
259-->[com.google.android.gms:play-services-basement:18.0.0] AndroidManifest.xml:22:13-58
260            android:value="@integer/google_play_services_version" />
260-->[com.google.android.gms:play-services-basement:18.0.0] AndroidManifest.xml:23:13-66
261
262        <provider
262-->[androidx.emoji2:emoji2:1.0.0] AndroidManifest.xml:26:9-34:20
263            android:name="androidx.startup.InitializationProvider"
263-->[androidx.emoji2:emoji2:1.0.0] AndroidManifest.xml:27:13-67
264            android:authorities="com.huynh.listar_flutter_pro.androidx-startup"
264-->[androidx.emoji2:emoji2:1.0.0] AndroidManifest.xml:28:13-68
265            android:exported="false" >
265-->[androidx.emoji2:emoji2:1.0.0] AndroidManifest.xml:29:13-37
266            <meta-data
266-->[androidx.emoji2:emoji2:1.0.0] AndroidManifest.xml:31:13-33:52
267                android:name="androidx.emoji2.text.EmojiCompatInitializer"
267-->[androidx.emoji2:emoji2:1.0.0] AndroidManifest.xml:32:17-75
268                android:value="androidx.startup" />
268-->[androidx.emoji2:emoji2:1.0.0] AndroidManifest.xml:33:17-49
269            <meta-data
269-->[androidx.work:work-runtime:2.7.0] AndroidManifest.xml:36:13-38:52
270                android:name="androidx.work.WorkManagerInitializer"
270-->[androidx.work:work-runtime:2.7.0] AndroidManifest.xml:37:17-68
271                android:value="androidx.startup" />
271-->[androidx.work:work-runtime:2.7.0] AndroidManifest.xml:38:17-49
272            <meta-data
272-->[androidx.lifecycle:lifecycle-process:2.4.0] AndroidManifest.xml:31:13-33:52
273                android:name="androidx.lifecycle.ProcessLifecycleInitializer"
273-->[androidx.lifecycle:lifecycle-process:2.4.0] AndroidManifest.xml:32:17-78
274                android:value="androidx.startup" />
274-->[androidx.lifecycle:lifecycle-process:2.4.0] AndroidManifest.xml:33:17-49
275        </provider>
276        <provider
276-->[io.sentry:sentry-android-core:6.3.1] AndroidManifest.xml:18:9-22:39
277            android:name="io.sentry.android.core.SentryPerformanceProvider"
277-->[io.sentry:sentry-android-core:6.3.1] AndroidManifest.xml:19:13-76
278            android:authorities="com.huynh.listar_flutter_pro.SentryPerformanceProvider"
278-->[io.sentry:sentry-android-core:6.3.1] AndroidManifest.xml:20:13-77
279            android:exported="false"
279-->[io.sentry:sentry-android-core:6.3.1] AndroidManifest.xml:21:13-37
280            android:initOrder="200" />
280-->[io.sentry:sentry-android-core:6.3.1] AndroidManifest.xml:22:13-36
281
282        <service
282-->[androidx.work:work-runtime:2.7.0] AndroidManifest.xml:41:9-46:35
283            android:name="androidx.work.impl.background.systemalarm.SystemAlarmService"
283-->[androidx.work:work-runtime:2.7.0] AndroidManifest.xml:42:13-88
284            android:directBootAware="false"
284-->[androidx.work:work-runtime:2.7.0] AndroidManifest.xml:43:13-44
285            android:enabled="@bool/enable_system_alarm_service_default"
285-->[androidx.work:work-runtime:2.7.0] AndroidManifest.xml:44:13-72
286            android:exported="false" />
286-->[androidx.work:work-runtime:2.7.0] AndroidManifest.xml:45:13-37
287        <service
287-->[androidx.work:work-runtime:2.7.0] AndroidManifest.xml:47:9-53:35
288            android:name="androidx.work.impl.background.systemjob.SystemJobService"
288-->[androidx.work:work-runtime:2.7.0] AndroidManifest.xml:48:13-84
289            android:directBootAware="false"
289-->[androidx.work:work-runtime:2.7.0] AndroidManifest.xml:49:13-44
290            android:enabled="@bool/enable_system_job_service_default"
290-->[androidx.work:work-runtime:2.7.0] AndroidManifest.xml:50:13-70
291            android:exported="true"
291-->[androidx.work:work-runtime:2.7.0] AndroidManifest.xml:51:13-36
292            android:permission="android.permission.BIND_JOB_SERVICE" />
292-->[androidx.work:work-runtime:2.7.0] AndroidManifest.xml:52:13-69
293        <service
293-->[androidx.work:work-runtime:2.7.0] AndroidManifest.xml:54:9-59:35
294            android:name="androidx.work.impl.foreground.SystemForegroundService"
294-->[androidx.work:work-runtime:2.7.0] AndroidManifest.xml:55:13-81
295            android:directBootAware="false"